Using pre-set license
Built from '2022.3/staging' branch; Version is '2022.3.47f1 (88c277b85d21) revision 8962679'; Using compiler version '192829333'; Build Type 'Release'
OS: 'Windows 11  (10.0.26100) 64bit CoreSingleLanguage' Language: 'en' Physical Memory: 32531 MB
BatchMode: 1, IsHumanControllingUs: 0, StartBugReporterOnCrash: 0, Is64bit: 1, IsPro: 1

COMMAND LINE ARGUMENTS:
D:\Unity\2022.3.47f1\Editor\Unity.exe
-adb2
-batchMode
-noUpm
-name
AssetImportWorker1
-projectPath
D:/Uniti/Alira-the-Protector-of-Malaka-main
-logFile
Logs/AssetImportWorker1.log
-srvPort
62826
Successfully changed project path to: D:/Uniti/Alira-the-Protector-of-Malaka-main
D:/Uniti/Alira-the-Protector-of-Malaka-main
[UnityMemory] Configuration Parameters - Can be set up in boot.config
    "memorysetup-bucket-allocator-granularity=16"
    "memorysetup-bucket-allocator-bucket-count=8"
    "memorysetup-bucket-allocator-block-size=33554432"
    "memorysetup-bucket-allocator-block-count=8"
    "memorysetup-main-allocator-block-size=16777216"
    "memorysetup-thread-allocator-block-size=16777216"
    "memorysetup-gfx-main-allocator-block-size=16777216"
    "memorysetup-gfx-thread-allocator-block-size=16777216"
    "memorysetup-cache-allocator-block-size=4194304"
    "memorysetup-typetree-allocator-block-size=2097152"
    "memorysetup-profiler-bucket-allocator-granularity=16"
    "memorysetup-profiler-bucket-allocator-bucket-count=8"
    "memorysetup-profiler-bucket-allocator-block-size=33554432"
    "memorysetup-profiler-bucket-allocator-block-count=8"
    "memorysetup-profiler-allocator-block-size=16777216"
    "memorysetup-profiler-editor-allocator-block-size=1048576"
    "memorysetup-temp-allocator-size-main=16777216"
    "memorysetup-job-temp-allocator-block-size=2097152"
    "memorysetup-job-temp-allocator-block-size-background=1048576"
    "memorysetup-job-temp-allocator-reduction-small-platforms=262144"
    "memorysetup-allocator-temp-initial-block-size-main=262144"
    "memorysetup-allocator-temp-initial-block-size-worker=262144"
    "memorysetup-temp-allocator-size-background-worker=32768"
    "memorysetup-temp-allocator-size-job-worker=262144"
    "memorysetup-temp-allocator-size-preload-manager=33554432"
    "memorysetup-temp-allocator-size-nav-mesh-worker=65536"
    "memorysetup-temp-allocator-size-audio-worker=65536"
    "memorysetup-temp-allocator-size-cloud-worker=32768"
    "memorysetup-temp-allocator-size-gi-baking-worker=262144"
    "memorysetup-temp-allocator-size-gfx=262144"
Player connection [29312]  Target information:

Player connection [29312]  * "[IP] 192.168.18.10 [Port] 0 [Flags] 2 [Guid] 807743575 [EditorId] 807743575 [Version] 1048832 [Id] WindowsEditor(7,ACER-NITRO-5) [Debug] 1 [PackageName] WindowsEditor [ProjectName] Editor" 

Player connection [29312]  * "[IP] 172.17.176.1 [Port] 0 [Flags] 2 [Guid] 807743575 [EditorId] 807743575 [Version] 1048832 [Id] WindowsEditor(7,ACER-NITRO-5) [Debug] 1 [PackageName] WindowsEditor [ProjectName] Editor" 

Player connection [29312]  * "[IP] 192.168.43.1 [Port] 0 [Flags] 2 [Guid] 807743575 [EditorId] 807743575 [Version] 1048832 [Id] WindowsEditor(7,ACER-NITRO-5) [Debug] 1 [PackageName] WindowsEditor [ProjectName] Editor" 

Player connection [29312]  * "[IP] 192.168.25.1 [Port] 0 [Flags] 2 [Guid] 807743575 [EditorId] 807743575 [Version] 1048832 [Id] WindowsEditor(7,ACER-NITRO-5) [Debug] 1 [PackageName] WindowsEditor [ProjectName] Editor" 

Player connection [29312] Host joined multi-casting on [225.0.0.222:54997]...
Player connection [29312] Host joined alternative multi-casting on [225.0.0.222:34997]...
[PhysX] Initialized MultithreadedTaskDispatcher with 12 workers.
Refreshing native plugins compatible for Editor in 5.79 ms, found 4 plugins.
Preloading 0 native plugins for Editor in 0.00 ms.
Initialize engine version: 2022.3.47f1 (88c277b85d21)
[Subsystems] Discovering subsystems at path D:/Unity/2022.3.47f1/Editor/Data/Resources/UnitySubsystems
[Subsystems] Discovering subsystems at path D:/Uniti/Alira-the-Protector-of-Malaka-main/Assets
GfxDevice: creating device client; threaded=0; jobified=0
Direct3D:
    Version:  Direct3D 11.0 [level 11.1]
    Renderer: NVIDIA GeForce RTX 3050 Laptop GPU (ID=0x25a2)
    Vendor:   NVIDIA
    VRAM:     3977 MB
    Driver:   31.0.15.4601
Initialize mono
Mono path[0] = 'D:/Unity/2022.3.47f1/Editor/Data/Managed'
Mono path[1] = 'D:/Unity/2022.3.47f1/Editor/Data/MonoBleedingEdge/lib/mono/unityjit-win32'
Mono config path = 'D:/Unity/2022.3.47f1/Editor/Data/MonoBleedingEdge/etc'
Using monoOptions --debugger-agent=transport=dt_socket,embedding=1,server=y,suspend=n,address=127.0.0.1:56720
Begin MonoManager ReloadAssembly
Registering precompiled unity dll's ...
Register platform support module: D:/Unity/2022.3.47f1/Editor/Data/PlaybackEngines/AndroidPlayer/UnityEditor.Android.Extensions.dll
Register platform support module: D:/Unity/2022.3.47f1/Editor/Data/PlaybackEngines/iOSSupport/UnityEditor.iOS.Extensions.dll
Register platform support module: D:/Unity/2022.3.47f1/Editor/Data/PlaybackEngines/WindowsStandaloneSupport/UnityEditor.WindowsStandalone.Extensions.dll
Registered in 0.003406 seconds.
- Loaded All Assemblies, in  0.345 seconds
Native extension for WindowsStandalone target not found
[usbmuxd] Start listen thread
[usbmuxd] Listen thread started
Native extension for iOS target not found
Native extension for Android target not found
Android Extension - Scanning For ADB Devices 258 ms
Mono: successfully reloaded assembly
- Finished resetting the current domain, in  0.566 seconds
Domain Reload Profiling: 911ms
	BeginReloadAssembly (100ms)
		ExecutionOrderSort (0ms)
		DisableScriptedObjects (0ms)
		BackupInstance (0ms)
		ReleaseScriptingObjects (0ms)
		CreateAndSetChildDomain (1ms)
	RebuildCommonClasses (35ms)
	RebuildNativeTypeToScriptingClass (12ms)
	initialDomainReloadingComplete (48ms)
	LoadAllAssembliesAndSetupDomain (150ms)
		LoadAssemblies (99ms)
		RebuildTransferFunctionScriptingTraits (0ms)
		AnalyzeDomain (148ms)
			TypeCache.Refresh (146ms)
				TypeCache.ScanAssembly (132ms)
			ScanForSourceGeneratedMonoScriptInfo (0ms)
			ResolveRequiredComponents (0ms)
	FinalizeReload (566ms)
		ReleaseScriptCaches (0ms)
		RebuildScriptCaches (0ms)
		SetupLoadedEditorAssemblies (518ms)
			LogAssemblyErrors (0ms)
			InitializePlatformSupportModulesInManaged (341ms)
			SetLoadedEditorAssemblies (5ms)
			RefreshPlugins (0ms)
			BeforeProcessingInitializeOnLoad (3ms)
			ProcessInitializeOnLoadAttributes (124ms)
			ProcessInitializeOnLoadMethodAttributes (44ms)
			AfterProcessingInitializeOnLoad (0ms)
			EditorAssembliesLoaded (0ms)
		ExecutionOrderSort2 (0ms)
		AwakeInstancesAfterBackupRestoration (0ms)
========================================================================
Worker process is ready to serve import requests
Caller must complete domain reload
Begin MonoManager ReloadAssembly
- Loaded All Assemblies, in  0.755 seconds
Native extension for WindowsStandalone target not found
Native extension for iOS target not found
Native extension for Android target not found
[MODES] ModeService[none].Initialize
[MODES] ModeService[none].LoadModes
[MODES] Loading mode Default (0) for mode-current-id-Elf 2D Platformer Prototype
Package Manager log level set to [2]
[Package Manager] Server::EnsureServerProcessIsRunning -- launch failed, reason: Unity was launched with the -noUpm command-line argument
[Package Manager] UpmClient::Send -- Unable to send message (not connected to UPM process).
[Package Manager] Cannot connect to Unity Package Manager local server
Mono: successfully reloaded assembly
- Finished resetting the current domain, in  0.998 seconds
Domain Reload Profiling: 1752ms
	BeginReloadAssembly (146ms)
		ExecutionOrderSort (0ms)
		DisableScriptedObjects (6ms)
		BackupInstance (0ms)
		ReleaseScriptingObjects (0ms)
		CreateAndSetChildDomain (26ms)
	RebuildCommonClasses (41ms)
	RebuildNativeTypeToScriptingClass (10ms)
	initialDomainReloadingComplete (42ms)
	LoadAllAssembliesAndSetupDomain (515ms)
		LoadAssemblies (314ms)
		RebuildTransferFunctionScriptingTraits (0ms)
		AnalyzeDomain (277ms)
			TypeCache.Refresh (228ms)
				TypeCache.ScanAssembly (206ms)
			ScanForSourceGeneratedMonoScriptInfo (34ms)
			ResolveRequiredComponents (13ms)
	FinalizeReload (998ms)
		ReleaseScriptCaches (0ms)
		RebuildScriptCaches (0ms)
		SetupLoadedEditorAssemblies (791ms)
			LogAssemblyErrors (0ms)
			InitializePlatformSupportModulesInManaged (31ms)
			SetLoadedEditorAssemblies (4ms)
			RefreshPlugins (0ms)
			BeforeProcessingInitializeOnLoad (87ms)
			ProcessInitializeOnLoadAttributes (561ms)
			ProcessInitializeOnLoadMethodAttributes (105ms)
			AfterProcessingInitializeOnLoad (3ms)
			EditorAssembliesLoaded (0ms)
		ExecutionOrderSort2 (0ms)
		AwakeInstancesAfterBackupRestoration (7ms)
Launched and connected shader compiler UnityShaderCompiler.exe after 0.05 seconds
Refreshing native plugins compatible for Editor in 4.39 ms, found 4 plugins.
Preloading 0 native plugins for Editor in 0.00 ms.
Unloading 6064 Unused Serialized files (Serialized files now loaded: 0)
Unloading 46 unused Assets / (418.1 KB). Loaded Objects now: 6538.
Memory consumption went from 234.8 MB to 234.4 MB.
Total: 7.466000 ms (FindLiveObjects: 0.676800 ms CreateObjectMapping: 0.611000 ms MarkObjects: 5.775900 ms  DeleteObjects: 0.400200 ms)

AssetImportParameters requested are different than current active one (requested -> active):
  custom:container-demuxer-ogg: 62fdf1f143b41e24485cea50d1cbac27 -> 
  custom:video-codec-MediaFoundation-h265: 746d11721c4dcdbdad8f713fa42b33f4 -> 
  custom:video-decoder-ogg-theora: a1e56fd34408186e4bbccfd4996cb3dc -> 
  custom:framework-win-MediaFoundation: 216162199b28c13a410421893ffa2e32 -> 
  custom:CustomObjectIndexerAttribute: 72b91833f83ae208fae7752999fa3104 -> 
  custom:container-demuxer-webm: 4f35f7cbe854078d1ac9338744f61a02 -> 
  custom:container-muxer-webm: aa71ff27fc2769a1b78a27578f13a17b -> 
  custom:video-decoder-webm-vp8: 9c59270c3fd7afecdb556c50c9e8de78 -> 
  custom:SearchIndexIgnoredProperties: e643bd26f0fe6173181afceb89e7c659 -> 
  custom:AudioImporter_EditorPlatform: d09bf68614088b80899f8185d706f6e7 -> 
  custom:video-encoder-webm-vp8: eb34c28f22e8b96e1ab97ce403110664 -> 
  custom:audio-decoder-ogg-vorbis: bf7c407c2cedff20999df2af8eb42d56 -> 
  custom:audio-encoder-webm-vorbis: bf7c407c2cedff20999df2af8eb42d56 -> 
========================================================================
Received Import Request.
  Time since last request: 679001.543622 seconds.
  path: Assets/PrefabFix/HackedMiddleBot.prefab
  artifactKey: Guid(b84a7b12f1dd2f94abbf69cc543e6383) Importer(815301076,1909f56bfc062723c751e8b465ee728b)
Start importing Assets/PrefabFix/HackedMiddleBot.prefab using Guid(b84a7b12f1dd2f94abbf69cc543e6383) Importer(815301076,1909f56bfc062723c751e8b465ee728b) [PhysX] Initialized MultithreadedTaskDispatcher with 12 workers.
[PhysX] Initialized MultithreadedTaskDispatcher with 12 workers.
Refreshing native plugins compatible for Editor in 4.63 ms, found 4 plugins.
Preloading 0 native plugins for Editor in 0.00 ms.
 -> (artifact id: '5154b067acf5ddfc40a8118df6c91c11') in 0.751023 seconds
Number of updated asset objects reloaded before import = 0
Number of asset objects unloaded after import = 227
========================================================================
Received Import Request.
  Time since last request: 0.000056 seconds.
  path: Assets/PrefabFix/HackedLightGrunt.prefab
  artifactKey: Guid(f25fa8800d3be404aa5c032209ca7253) Importer(815301076,1909f56bfc062723c751e8b465ee728b)
Start importing Assets/PrefabFix/HackedLightGrunt.prefab using Guid(f25fa8800d3be404aa5c032209ca7253) Importer(815301076,1909f56bfc062723c751e8b465ee728b) [PhysX] Initialized MultithreadedTaskDispatcher with 12 workers.
[PhysX] Initialized MultithreadedTaskDispatcher with 12 workers.
Refreshing native plugins compatible for Editor in 4.21 ms, found 4 plugins.
Preloading 0 native plugins for Editor in 0.00 ms.
 -> (artifact id: 'a9f015c84551ddf803276e48ee69f158') in 0.052315 seconds
Number of updated asset objects reloaded before import = 0
Number of asset objects unloaded after import = 216
========================================================================
Received Import Request.
  Time since last request: 14.965220 seconds.
  path: Assets/PrefabFix/Attack/light grunt2 attack revisi3.png
  artifactKey: Guid(83bca335bcbeda1449c621150b0114bb) Importer(815301076,1909f56bfc062723c751e8b465ee728b)
Start importing Assets/PrefabFix/Attack/light grunt2 attack revisi3.png using Guid(83bca335bcbeda1449c621150b0114bb) Importer(815301076,1909f56bfc062723c751e8b465ee728b) [PhysX] Initialized MultithreadedTaskDispatcher with 12 workers.
[PhysX] Initialized MultithreadedTaskDispatcher with 12 workers.
 -> (artifact id: '6f6fbea3069dd8676ebb39cfeccbaa21') in 0.025436 seconds
Number of updated asset objects reloaded before import = 0
Number of asset objects unloaded after import = 3
========================================================================
Received Import Request.
  Time since last request: 0.000020 seconds.
  path: Assets/PrefabFix/Attack/light grunt2 attack revisi11.png
  artifactKey: Guid(4d23732752648be45be0440029ac6ead) Importer(815301076,1909f56bfc062723c751e8b465ee728b)
Start importing Assets/PrefabFix/Attack/light grunt2 attack revisi11.png using Guid(4d23732752648be45be0440029ac6ead) Importer(815301076,1909f56bfc062723c751e8b465ee728b) [PhysX] Initialized MultithreadedTaskDispatcher with 12 workers.
[PhysX] Initialized MultithreadedTaskDispatcher with 12 workers.
 -> (artifact id: '80529aaa82816c31f49fa14bd1e7811d') in 0.010442 seconds
Number of updated asset objects reloaded before import = 0
Number of asset objects unloaded after import = 3
========================================================================
Received Import Request.
  Time since last request: 0.000022 seconds.
  path: Assets/PrefabFix/Attack/light grunt2 attack revisi6.png
  artifactKey: Guid(e6f582f9996d28c48a78489df7e881ce) Importer(815301076,1909f56bfc062723c751e8b465ee728b)
Start importing Assets/PrefabFix/Attack/light grunt2 attack revisi6.png using Guid(e6f582f9996d28c48a78489df7e881ce) Importer(815301076,1909f56bfc062723c751e8b465ee728b) [PhysX] Initialized MultithreadedTaskDispatcher with 12 workers.
[PhysX] Initialized MultithreadedTaskDispatcher with 12 workers.
 -> (artifact id: '00b76b3f29c4ef04f67c456a5eff9f35') in 0.009572 seconds
Number of updated asset objects reloaded before import = 0
Number of asset objects unloaded after import = 3
========================================================================
Received Import Request.
  Time since last request: 0.000023 seconds.
  path: Assets/PrefabFix/Attack/light grunt2 attack revisi17.png
  artifactKey: Guid(bbacd548cb71981478cdce1788628eda) Importer(815301076,1909f56bfc062723c751e8b465ee728b)
Start importing Assets/PrefabFix/Attack/light grunt2 attack revisi17.png using Guid(bbacd548cb71981478cdce1788628eda) Importer(815301076,1909f56bfc062723c751e8b465ee728b) [PhysX] Initialized MultithreadedTaskDispatcher with 12 workers.
[PhysX] Initialized MultithreadedTaskDispatcher with 12 workers.
 -> (artifact id: 'd335ae3b18e04fb9b2c8ad302a045f06') in 0.011736 seconds
Number of updated asset objects reloaded before import = 0
Number of asset objects unloaded after import = 3
========================================================================
Received Import Request.
  Time since last request: 0.000020 seconds.
  path: Assets/PrefabFix/Attack/light grunt2 attack revisi18.png
  artifactKey: Guid(e9be5ae5831f2ca43a8d49724bba5c1a) Importer(815301076,1909f56bfc062723c751e8b465ee728b)
Start importing Assets/PrefabFix/Attack/light grunt2 attack revisi18.png using Guid(e9be5ae5831f2ca43a8d49724bba5c1a) Importer(815301076,1909f56bfc062723c751e8b465ee728b) [PhysX] Initialized MultithreadedTaskDispatcher with 12 workers.
[PhysX] Initialized MultithreadedTaskDispatcher with 12 workers.
 -> (artifact id: '145188fca9db95303af8e1afa45e1e59') in 0.010721 seconds
Number of updated asset objects reloaded before import = 0
Number of asset objects unloaded after import = 3
========================================================================
Received Import Request.
  Time since last request: 0.000023 seconds.
  path: Assets/PrefabFix/Attack/light grunt2 attack revisi14.png
  artifactKey: Guid(582dd38474210e743a2c2b9fe3e76967) Importer(815301076,1909f56bfc062723c751e8b465ee728b)
Start importing Assets/PrefabFix/Attack/light grunt2 attack revisi14.png using Guid(582dd38474210e743a2c2b9fe3e76967) Importer(815301076,1909f56bfc062723c751e8b465ee728b) [PhysX] Initialized MultithreadedTaskDispatcher with 12 workers.
[PhysX] Initialized MultithreadedTaskDispatcher with 12 workers.
 -> (artifact id: '1b133c478aa39ed685151c70d71199d3') in 0.013878 seconds
Number of updated asset objects reloaded before import = 0
Number of asset objects unloaded after import = 3
========================================================================
Received Import Request.
  Time since last request: 26.651598 seconds.
  path: Assets/Prefab/Arrow.prefab
  artifactKey: Guid(e1d112512c32bab4a87dc58b8e88c301) Importer(815301076,1909f56bfc062723c751e8b465ee728b)
Start importing Assets/Prefab/Arrow.prefab using Guid(e1d112512c32bab4a87dc58b8e88c301) Importer(815301076,1909f56bfc062723c751e8b465ee728b) [PhysX] Initialized MultithreadedTaskDispatcher with 12 workers.
[PhysX] Initialized MultithreadedTaskDispatcher with 12 workers.
 -> (artifact id: 'b129fe37dfb4380cd926df99134f6888') in 0.009790 seconds
Number of updated asset objects reloaded before import = 0
Number of asset objects unloaded after import = 12
========================================================================
Received Import Request.
  Time since last request: 0.000031 seconds.
  path: Assets/Prefab/Player 1.prefab
  artifactKey: Guid(d58ab6d5187fe844ea48fe25b2d84319) Importer(815301076,1909f56bfc062723c751e8b465ee728b)
Start importing Assets/Prefab/Player 1.prefab using Guid(d58ab6d5187fe844ea48fe25b2d84319) Importer(815301076,1909f56bfc062723c751e8b465ee728b) [PhysX] Initialized MultithreadedTaskDispatcher with 12 workers.
 -> (artifact id: 'dfbe80857b4fac24d839d41fd3ac5474') in 0.003401 seconds
Number of updated asset objects reloaded before import = 0
Number of asset objects unloaded after import = 35
========================================================================
Received Import Request.
  Time since last request: 0.000028 seconds.
  path: Assets/Prefab/HealingItem20.prefab
  artifactKey: Guid(334cfbdbb4a945849bb664932d38bc3e) Importer(815301076,1909f56bfc062723c751e8b465ee728b)
Start importing Assets/Prefab/HealingItem20.prefab using Guid(334cfbdbb4a945849bb664932d38bc3e) Importer(815301076,1909f56bfc062723c751e8b465ee728b) [PhysX] Initialized MultithreadedTaskDispatcher with 12 workers.
[PhysX] Initialized MultithreadedTaskDispatcher with 12 workers.
 -> (artifact id: '7082accc595b4af384c37d102de676cc') in 0.008468 seconds
Number of updated asset objects reloaded before import = 0
Number of asset objects unloaded after import = 12
========================================================================
Received Import Request.
  Time since last request: 0.000024 seconds.
  path: Assets/Prefab/PerfectPlayerSkeletal.prefab
  artifactKey: Guid(831c868b70c27834bbced03ebdaf3a7a) Importer(815301076,1909f56bfc062723c751e8b465ee728b)
Start importing Assets/Prefab/PerfectPlayerSkeletal.prefab using Guid(831c868b70c27834bbced03ebdaf3a7a) Importer(815301076,1909f56bfc062723c751e8b465ee728b) [PhysX] Initialized MultithreadedTaskDispatcher with 12 workers.
[PhysX] Initialized MultithreadedTaskDispatcher with 12 workers.
 -> (artifact id: 'a7fd290e225fb3f6aab1abaa43b8309d') in 0.049447 seconds
Number of updated asset objects reloaded before import = 0
Number of asset objects unloaded after import = 188
========================================================================
Received Import Request.
  Time since last request: 0.000046 seconds.
  path: Assets/Prefab/Player.prefab
  artifactKey: Guid(56f2f2f5e615e0547bc42c67f0a9dd60) Importer(815301076,1909f56bfc062723c751e8b465ee728b)
Start importing Assets/Prefab/Player.prefab using Guid(56f2f2f5e615e0547bc42c67f0a9dd60) Importer(815301076,1909f56bfc062723c751e8b465ee728b) [PhysX] Initialized MultithreadedTaskDispatcher with 12 workers.
 -> (artifact id: '6a7e6101bf1b1e2aa9951d92e2b0f14a') in 0.003681 seconds
Number of updated asset objects reloaded before import = 0
Number of asset objects unloaded after import = 35
Editor requested this worker to shutdown with reason: Scaling down because of idle timeout
TcpMessagingSession - receive error: operation aborted. errorcode: 995, details: The I/O operation has been aborted because of either a thread exit or an application request.
AssetImportWorker is now disconnected from the server
Process exiting
Exiting without the bug reporter. Application will terminate with return code 0