Using pre-set license
Built from '2022.3/staging' branch; Version is '2022.3.47f1 (88c277b85d21) revision 8962679'; Using compiler version '192829333'; Build Type 'Release'
OS: 'Windows 11  (10.0.26100) 64bit CoreSingleLanguage' Language: 'en' Physical Memory: 32531 MB
BatchMode: 1, IsHumanControllingUs: 0, StartBugReporterOnCrash: 0, Is64bit: 1, IsPro: 1

COMMAND LINE ARGUMENTS:
D:\Unity\2022.3.47f1\Editor\Unity.exe
-adb2
-batchMode
-noUpm
-name
AssetImportWorker4
-projectPath
D:/Uniti/Alira-the-Protector-of-Malaka-main
-logFile
Logs/AssetImportWorker4.log
-srvPort
50907
Successfully changed project path to: D:/Uniti/Alira-the-Protector-of-Malaka-main
D:/Uniti/Alira-the-Protector-of-Malaka-main
[UnityMemory] Configuration Parameters - Can be set up in boot.config
    "memorysetup-bucket-allocator-granularity=16"
    "memorysetup-bucket-allocator-bucket-count=8"
    "memorysetup-bucket-allocator-block-size=33554432"
    "memorysetup-bucket-allocator-block-count=8"
    "memorysetup-main-allocator-block-size=16777216"
    "memorysetup-thread-allocator-block-size=16777216"
    "memorysetup-gfx-main-allocator-block-size=16777216"
    "memorysetup-gfx-thread-allocator-block-size=16777216"
    "memorysetup-cache-allocator-block-size=4194304"
    "memorysetup-typetree-allocator-block-size=2097152"
    "memorysetup-profiler-bucket-allocator-granularity=16"
    "memorysetup-profiler-bucket-allocator-bucket-count=8"
    "memorysetup-profiler-bucket-allocator-block-size=33554432"
    "memorysetup-profiler-bucket-allocator-block-count=8"
    "memorysetup-profiler-allocator-block-size=16777216"
    "memorysetup-profiler-editor-allocator-block-size=1048576"
    "memorysetup-temp-allocator-size-main=16777216"
    "memorysetup-job-temp-allocator-block-size=2097152"
    "memorysetup-job-temp-allocator-block-size-background=1048576"
    "memorysetup-job-temp-allocator-reduction-small-platforms=262144"
    "memorysetup-allocator-temp-initial-block-size-main=262144"
    "memorysetup-allocator-temp-initial-block-size-worker=262144"
    "memorysetup-temp-allocator-size-background-worker=32768"
    "memorysetup-temp-allocator-size-job-worker=262144"
    "memorysetup-temp-allocator-size-preload-manager=33554432"
    "memorysetup-temp-allocator-size-nav-mesh-worker=65536"
    "memorysetup-temp-allocator-size-audio-worker=65536"
    "memorysetup-temp-allocator-size-cloud-worker=32768"
    "memorysetup-temp-allocator-size-gi-baking-worker=262144"
    "memorysetup-temp-allocator-size-gfx=262144"
Player connection [29076]  Target information:

Player connection [29076]  * "[IP] 192.168.18.10 [Port] 0 [Flags] 2 [Guid] 886015224 [EditorId] 886015224 [Version] 1048832 [Id] WindowsEditor(7,ACER-NITRO-5) [Debug] 1 [PackageName] WindowsEditor [ProjectName] Editor" 

Player connection [29076]  * "[IP] 172.17.176.1 [Port] 0 [Flags] 2 [Guid] 886015224 [EditorId] 886015224 [Version] 1048832 [Id] WindowsEditor(7,ACER-NITRO-5) [Debug] 1 [PackageName] WindowsEditor [ProjectName] Editor" 

Player connection [29076]  * "[IP] 192.168.43.1 [Port] 0 [Flags] 2 [Guid] 886015224 [EditorId] 886015224 [Version] 1048832 [Id] WindowsEditor(7,ACER-NITRO-5) [Debug] 1 [PackageName] WindowsEditor [ProjectName] Editor" 

Player connection [29076]  * "[IP] 192.168.25.1 [Port] 0 [Flags] 2 [Guid] 886015224 [EditorId] 886015224 [Version] 1048832 [Id] WindowsEditor(7,ACER-NITRO-5) [Debug] 1 [PackageName] WindowsEditor [ProjectName] Editor" 

Player connection [29076] Host joined multi-casting on [225.0.0.222:54997]...
Player connection [29076] Host joined alternative multi-casting on [225.0.0.222:34997]...
[PhysX] Initialized MultithreadedTaskDispatcher with 12 workers.
Refreshing native plugins compatible for Editor in 6.66 ms, found 4 plugins.
Preloading 0 native plugins for Editor in 0.00 ms.
Initialize engine version: 2022.3.47f1 (88c277b85d21)
[Subsystems] Discovering subsystems at path D:/Unity/2022.3.47f1/Editor/Data/Resources/UnitySubsystems
[Subsystems] Discovering subsystems at path D:/Uniti/Alira-the-Protector-of-Malaka-main/Assets
GfxDevice: creating device client; threaded=0; jobified=0
Direct3D:
    Version:  Direct3D 11.0 [level 11.1]
    Renderer: NVIDIA GeForce RTX 3050 Laptop GPU (ID=0x25a2)
    Vendor:   NVIDIA
    VRAM:     3977 MB
    Driver:   31.0.15.4601
Initialize mono
Mono path[0] = 'D:/Unity/2022.3.47f1/Editor/Data/Managed'
Mono path[1] = 'D:/Unity/2022.3.47f1/Editor/Data/MonoBleedingEdge/lib/mono/unityjit-win32'
Mono config path = 'D:/Unity/2022.3.47f1/Editor/Data/MonoBleedingEdge/etc'
Using monoOptions --debugger-agent=transport=dt_socket,embedding=1,server=y,suspend=n,address=127.0.0.1:56260
Begin MonoManager ReloadAssembly
Registering precompiled unity dll's ...
Register platform support module: D:/Unity/2022.3.47f1/Editor/Data/PlaybackEngines/AndroidPlayer/UnityEditor.Android.Extensions.dll
Register platform support module: D:/Unity/2022.3.47f1/Editor/Data/PlaybackEngines/iOSSupport/UnityEditor.iOS.Extensions.dll
Register platform support module: D:/Unity/2022.3.47f1/Editor/Data/PlaybackEngines/WindowsStandaloneSupport/UnityEditor.WindowsStandalone.Extensions.dll
Registered in 0.003834 seconds.
- Loaded All Assemblies, in  0.307 seconds
Native extension for WindowsStandalone target not found
[usbmuxd] Start listen thread
[usbmuxd] Listen thread started
Native extension for iOS target not found
Native extension for Android target not found
Android Extension - Scanning For ADB Devices 218 ms
Mono: successfully reloaded assembly
- Finished resetting the current domain, in  0.495 seconds
Domain Reload Profiling: 803ms
	BeginReloadAssembly (88ms)
		ExecutionOrderSort (0ms)
		DisableScriptedObjects (0ms)
		BackupInstance (0ms)
		ReleaseScriptingObjects (0ms)
		CreateAndSetChildDomain (1ms)
	RebuildCommonClasses (32ms)
	RebuildNativeTypeToScriptingClass (9ms)
	initialDomainReloadingComplete (45ms)
	LoadAllAssembliesAndSetupDomain (134ms)
		LoadAssemblies (87ms)
		RebuildTransferFunctionScriptingTraits (0ms)
		AnalyzeDomain (132ms)
			TypeCache.Refresh (130ms)
				TypeCache.ScanAssembly (118ms)
			ScanForSourceGeneratedMonoScriptInfo (0ms)
			ResolveRequiredComponents (0ms)
	FinalizeReload (496ms)
		ReleaseScriptCaches (0ms)
		RebuildScriptCaches (0ms)
		SetupLoadedEditorAssemblies (453ms)
			LogAssemblyErrors (0ms)
			InitializePlatformSupportModulesInManaged (296ms)
			SetLoadedEditorAssemblies (4ms)
			RefreshPlugins (0ms)
			BeforeProcessingInitializeOnLoad (2ms)
			ProcessInitializeOnLoadAttributes (108ms)
			ProcessInitializeOnLoadMethodAttributes (43ms)
			AfterProcessingInitializeOnLoad (0ms)
			EditorAssembliesLoaded (0ms)
		ExecutionOrderSort2 (0ms)
		AwakeInstancesAfterBackupRestoration (0ms)
========================================================================
Worker process is ready to serve import requests
Caller must complete domain reload
Begin MonoManager ReloadAssembly
- Loaded All Assemblies, in  0.664 seconds
Native extension for WindowsStandalone target not found
Native extension for iOS target not found
Native extension for Android target not found
[MODES] ModeService[none].Initialize
[MODES] ModeService[none].LoadModes
[MODES] Loading mode Default (0) for mode-current-id-Alira The Protector Of Malaka
Package Manager log level set to [2]
[Package Manager] Server::EnsureServerProcessIsRunning -- launch failed, reason: Unity was launched with the -noUpm command-line argument
[Package Manager] UpmClient::Send -- Unable to send message (not connected to UPM process).
[Package Manager] Cannot connect to Unity Package Manager local server
Mono: successfully reloaded assembly
- Finished resetting the current domain, in  0.772 seconds
Domain Reload Profiling: 1436ms
	BeginReloadAssembly (120ms)
		ExecutionOrderSort (0ms)
		DisableScriptedObjects (4ms)
		BackupInstance (0ms)
		ReleaseScriptingObjects (0ms)
		CreateAndSetChildDomain (20ms)
	RebuildCommonClasses (32ms)
	RebuildNativeTypeToScriptingClass (9ms)
	initialDomainReloadingComplete (32ms)
	LoadAllAssembliesAndSetupDomain (470ms)
		LoadAssemblies (286ms)
		RebuildTransferFunctionScriptingTraits (0ms)
		AnalyzeDomain (249ms)
			TypeCache.Refresh (206ms)
				TypeCache.ScanAssembly (183ms)
			ScanForSourceGeneratedMonoScriptInfo (30ms)
			ResolveRequiredComponents (11ms)
	FinalizeReload (773ms)
		ReleaseScriptCaches (0ms)
		RebuildScriptCaches (0ms)
		SetupLoadedEditorAssemblies (606ms)
			LogAssemblyErrors (0ms)
			InitializePlatformSupportModulesInManaged (22ms)
			SetLoadedEditorAssemblies (5ms)
			RefreshPlugins (0ms)
			BeforeProcessingInitializeOnLoad (76ms)
			ProcessInitializeOnLoadAttributes (426ms)
			ProcessInitializeOnLoadMethodAttributes (75ms)
			AfterProcessingInitializeOnLoad (2ms)
			EditorAssembliesLoaded (0ms)
		ExecutionOrderSort2 (0ms)
		AwakeInstancesAfterBackupRestoration (5ms)
Launched and connected shader compiler UnityShaderCompiler.exe after 0.04 seconds
Refreshing native plugins compatible for Editor in 3.01 ms, found 4 plugins.
Preloading 0 native plugins for Editor in 0.00 ms.
Unloading 6067 Unused Serialized files (Serialized files now loaded: 0)
Unloading 46 unused Assets / (416.7 KB). Loaded Objects now: 6542.
Memory consumption went from 235.3 MB to 234.9 MB.
Total: 4.678800 ms (FindLiveObjects: 0.502100 ms CreateObjectMapping: 0.347700 ms MarkObjects: 3.630000 ms  DeleteObjects: 0.197600 ms)

AssetImportParameters requested are different than current active one (requested -> active):
  custom:container-demuxer-ogg: 62fdf1f143b41e24485cea50d1cbac27 -> 
  custom:video-codec-MediaFoundation-h265: 746d11721c4dcdbdad8f713fa42b33f4 -> 
  custom:video-decoder-ogg-theora: a1e56fd34408186e4bbccfd4996cb3dc -> 
  custom:framework-win-MediaFoundation: 216162199b28c13a410421893ffa2e32 -> 
  custom:CustomObjectIndexerAttribute: 72b91833f83ae208fae7752999fa3104 -> 
  custom:container-demuxer-webm: 4f35f7cbe854078d1ac9338744f61a02 -> 
  custom:container-muxer-webm: aa71ff27fc2769a1b78a27578f13a17b -> 
  custom:video-decoder-webm-vp8: 9c59270c3fd7afecdb556c50c9e8de78 -> 
  custom:SearchIndexIgnoredProperties: e643bd26f0fe6173181afceb89e7c659 -> 
  custom:AudioImporter_EditorPlatform: d09bf68614088b80899f8185d706f6e7 -> 
  custom:video-encoder-webm-vp8: eb34c28f22e8b96e1ab97ce403110664 -> 
  custom:audio-decoder-ogg-vorbis: bf7c407c2cedff20999df2af8eb42d56 -> 
  custom:audio-encoder-webm-vorbis: bf7c407c2cedff20999df2af8eb42d56 -> 
========================================================================
Received Import Request.
  Time since last request: 848493.638889 seconds.
  path: Assets/sound effect final
  artifactKey: Guid(ce0cf7152cb203d4caf55dbdb5352bec) Importer(815301076,1909f56bfc062723c751e8b465ee728b)
Start importing Assets/sound effect final using Guid(ce0cf7152cb203d4caf55dbdb5352bec) Importer(815301076,1909f56bfc062723c751e8b465ee728b) [PhysX] Initialized MultithreadedTaskDispatcher with 12 workers.
 -> (artifact id: '9eeb5b28d5b7a0172ccbfca31f0aabc0') in 0.002433 seconds
Number of updated asset objects reloaded before import = 0
Number of asset objects unloaded after import = 0
========================================================================
Received Import Request.
  Time since last request: 0.025276 seconds.
  path: Assets/sound effect final/Enemy_death.wav
  artifactKey: Guid(9d52932bc1a3f3f44bd4f94dec816179) Importer(815301076,1909f56bfc062723c751e8b465ee728b)
Start importing Assets/sound effect final/Enemy_death.wav using Guid(9d52932bc1a3f3f44bd4f94dec816179) Importer(815301076,1909f56bfc062723c751e8b465ee728b) [PhysX] Initialized MultithreadedTaskDispatcher with 12 workers.
[PhysX] Initialized MultithreadedTaskDispatcher with 12 workers.
 -> (artifact id: '8efe9fe107d00a1cccbfe8072bfaacd5') in 0.088276 seconds
Number of updated asset objects reloaded before import = 0
Number of asset objects unloaded after import = 2
========================================================================
Received Import Request.
  Time since last request: 169.098214 seconds.
  path: Assets/Animation
  artifactKey: Guid(64ff8c1c147dcf247aa407686ec55ba4) Importer(815301076,1909f56bfc062723c751e8b465ee728b)
Start importing Assets/Animation using Guid(64ff8c1c147dcf247aa407686ec55ba4) Importer(815301076,1909f56bfc062723c751e8b465ee728b) [PhysX] Initialized MultithreadedTaskDispatcher with 12 workers.
 -> (artifact id: 'f204d132820455fbf7918c0af543f21f') in 0.000661 seconds
Number of updated asset objects reloaded before import = 0
Number of asset objects unloaded after import = 0
========================================================================
Received Import Request.
  Time since last request: 6.020148 seconds.
  path: Assets/Animation/Cutscene.anim
  artifactKey: Guid(7ff089677e5f585459e2254cd1cfb602) Importer(815301076,1909f56bfc062723c751e8b465ee728b)
Start importing Assets/Animation/Cutscene.anim using Guid(7ff089677e5f585459e2254cd1cfb602) Importer(815301076,1909f56bfc062723c751e8b465ee728b) [PhysX] Initialized MultithreadedTaskDispatcher with 12 workers.
 -> (artifact id: '0b58adc116e99dc32add8959b8a26290') in 0.001308 seconds
Number of updated asset objects reloaded before import = 0
Number of asset objects unloaded after import = 1
========================================================================
Received Import Request.
  Time since last request: 17.519031 seconds.
  path: Assets/UI
  artifactKey: Guid(f1a297558d8765c438148bab7d797d9f) Importer(815301076,1909f56bfc062723c751e8b465ee728b)
Start importing Assets/UI using Guid(f1a297558d8765c438148bab7d797d9f) Importer(815301076,1909f56bfc062723c751e8b465ee728b) [PhysX] Initialized MultithreadedTaskDispatcher with 12 workers.
 -> (artifact id: 'a1287ecb3fd804ce5769bd71aaec7c3f') in 0.000491 seconds
Number of updated asset objects reloaded before import = 0
Number of asset objects unloaded after import = 0
========================================================================
Received Import Request.
  Time since last request: 0.079724 seconds.
  path: Assets/UI/back.png
  artifactKey: Guid(87cb487e43922cb4985d544a17280886) Importer(815301076,1909f56bfc062723c751e8b465ee728b)
Start importing Assets/UI/back.png using Guid(87cb487e43922cb4985d544a17280886) Importer(815301076,1909f56bfc062723c751e8b465ee728b) [PhysX] Initialized MultithreadedTaskDispatcher with 12 workers.
[PhysX] Initialized MultithreadedTaskDispatcher with 12 workers.
 -> (artifact id: '1d31c488e05264555889a888e41edb3f') in 0.031913 seconds
Number of updated asset objects reloaded before import = 0
Number of asset objects unloaded after import = 3
========================================================================
Received Import Request.
  Time since last request: 0.000018 seconds.
  path: Assets/UI/UI_001_0006_Layer-4-Copy-3.png
  artifactKey: Guid(7b718440d8acb314b8723a9d076a97bd) Importer(815301076,1909f56bfc062723c751e8b465ee728b)
Start importing Assets/UI/UI_001_0006_Layer-4-Copy-3.png using Guid(7b718440d8acb314b8723a9d076a97bd) Importer(815301076,1909f56bfc062723c751e8b465ee728b) [PhysX] Initialized MultithreadedTaskDispatcher with 12 workers.
[PhysX] Initialized MultithreadedTaskDispatcher with 12 workers.
 -> (artifact id: '17d91668aebec47c112c4b967f1d62bd') in 0.011005 seconds
Number of updated asset objects reloaded before import = 0
Number of asset objects unloaded after import = 3
========================================================================
Received Import Request.
  Time since last request: 0.000071 seconds.
  path: Assets/UI/UI_001_0004_Layer-6-Copy-2_0001_Layer-1.png
  artifactKey: Guid(f1394b4e54199594994d358025f86ada) Importer(815301076,1909f56bfc062723c751e8b465ee728b)
Start importing Assets/UI/UI_001_0004_Layer-6-Copy-2_0001_Layer-1.png using Guid(f1394b4e54199594994d358025f86ada) Importer(815301076,1909f56bfc062723c751e8b465ee728b) [PhysX] Initialized MultithreadedTaskDispatcher with 12 workers.
[PhysX] Initialized MultithreadedTaskDispatcher with 12 workers.
 -> (artifact id: 'be96a5937ea78a755bca2e5395c0a790') in 0.013982 seconds
Number of updated asset objects reloaded before import = 0
Number of asset objects unloaded after import = 3
========================================================================
Received Import Request.
  Time since last request: 0.000021 seconds.
  path: Assets/UI/UI_001_0009_Layer-4.png
  artifactKey: Guid(66eb51ee6ca95b94d8e1b9af5d0fba5d) Importer(815301076,1909f56bfc062723c751e8b465ee728b)
Start importing Assets/UI/UI_001_0009_Layer-4.png using Guid(66eb51ee6ca95b94d8e1b9af5d0fba5d) Importer(815301076,1909f56bfc062723c751e8b465ee728b) [PhysX] Initialized MultithreadedTaskDispatcher with 12 workers.
[PhysX] Initialized MultithreadedTaskDispatcher with 12 workers.
 -> (artifact id: 'f8e62419b3ba7a272e0aeca09fac297c') in 0.016027 seconds
Number of updated asset objects reloaded before import = 0
Number of asset objects unloaded after import = 3
========================================================================
Received Import Request.
  Time since last request: 0.000025 seconds.
  path: Assets/UI/UI_001_0012_Layer-7-Copy-12.png
  artifactKey: Guid(096b60ea38c25084d95d11724b9eb3a6) Importer(815301076,1909f56bfc062723c751e8b465ee728b)
Start importing Assets/UI/UI_001_0012_Layer-7-Copy-12.png using Guid(096b60ea38c25084d95d11724b9eb3a6) Importer(815301076,1909f56bfc062723c751e8b465ee728b) [PhysX] Initialized MultithreadedTaskDispatcher with 12 workers.
[PhysX] Initialized MultithreadedTaskDispatcher with 12 workers.
 -> (artifact id: '1d622a44bf5409244c3398821b49a086') in 0.008502 seconds
Number of updated asset objects reloaded before import = 0
Number of asset objects unloaded after import = 3
========================================================================
Received Import Request.
  Time since last request: 0.000029 seconds.
  path: Assets/UI/UI_001_0017_Layer-7-Copy-4.png
  artifactKey: Guid(488e8f7c62605c347b506bb19130c6fb) Importer(815301076,1909f56bfc062723c751e8b465ee728b)
Start importing Assets/UI/UI_001_0017_Layer-7-Copy-4.png using Guid(488e8f7c62605c347b506bb19130c6fb) Importer(815301076,1909f56bfc062723c751e8b465ee728b) [PhysX] Initialized MultithreadedTaskDispatcher with 12 workers.
[PhysX] Initialized MultithreadedTaskDispatcher with 12 workers.
 -> (artifact id: '4348820484f6ac51dc8ba33c72722e17') in 0.008294 seconds
Number of updated asset objects reloaded before import = 0
Number of asset objects unloaded after import = 3
========================================================================
Received Import Request.
  Time since last request: 0.000019 seconds.
  path: Assets/UI/UI_001_0015_Layer-7-Copy-9.png
  artifactKey: Guid(b0681ca3b6ce74e4287d2caad5255226) Importer(815301076,1909f56bfc062723c751e8b465ee728b)
Start importing Assets/UI/UI_001_0015_Layer-7-Copy-9.png using Guid(b0681ca3b6ce74e4287d2caad5255226) Importer(815301076,1909f56bfc062723c751e8b465ee728b) [PhysX] Initialized MultithreadedTaskDispatcher with 12 workers.
[PhysX] Initialized MultithreadedTaskDispatcher with 12 workers.
 -> (artifact id: '9d13871d889925980cfcefcccdc35a08') in 0.007582 seconds
Number of updated asset objects reloaded before import = 0
Number of asset objects unloaded after import = 3
========================================================================
Received Import Request.
  Time since last request: 0.000019 seconds.
  path: Assets/UI/UI_001_0002_Layer-5-Copy-2.png
  artifactKey: Guid(75a5f0c852a7d61479ee558b5f0252b0) Importer(815301076,1909f56bfc062723c751e8b465ee728b)
Start importing Assets/UI/UI_001_0002_Layer-5-Copy-2.png using Guid(75a5f0c852a7d61479ee558b5f0252b0) Importer(815301076,1909f56bfc062723c751e8b465ee728b) [PhysX] Initialized MultithreadedTaskDispatcher with 12 workers.
[PhysX] Initialized MultithreadedTaskDispatcher with 12 workers.
 -> (artifact id: '0e0bf70c681ae64fb84c7b2765010db0') in 0.009347 seconds
Number of updated asset objects reloaded before import = 0
Number of asset objects unloaded after import = 3
========================================================================
Received Import Request.
  Time since last request: 0.000019 seconds.
  path: Assets/UI/UI_001_0016_Layer-7-Copy-10.png
  artifactKey: Guid(20979971dd29c0e42930743f15a207ca) Importer(815301076,1909f56bfc062723c751e8b465ee728b)
Start importing Assets/UI/UI_001_0016_Layer-7-Copy-10.png using Guid(20979971dd29c0e42930743f15a207ca) Importer(815301076,1909f56bfc062723c751e8b465ee728b) [PhysX] Initialized MultithreadedTaskDispatcher with 12 workers.
[PhysX] Initialized MultithreadedTaskDispatcher with 12 workers.
 -> (artifact id: 'eb2aff25c069dde20261aa6db3b2b4bf') in 0.008847 seconds
Number of updated asset objects reloaded before import = 0
Number of asset objects unloaded after import = 3
========================================================================
Received Import Request.
  Time since last request: 0.000023 seconds.
  path: Assets/UI/UI_001_0014_Layer-7-Copy-8.png
  artifactKey: Guid(ab5c3877df9840143b3db99e82869a4e) Importer(815301076,1909f56bfc062723c751e8b465ee728b)
Start importing Assets/UI/UI_001_0014_Layer-7-Copy-8.png using Guid(ab5c3877df9840143b3db99e82869a4e) Importer(815301076,1909f56bfc062723c751e8b465ee728b) [PhysX] Initialized MultithreadedTaskDispatcher with 12 workers.
[PhysX] Initialized MultithreadedTaskDispatcher with 12 workers.
 -> (artifact id: '48525d38c3d6cdee9fa1ff2b5ef9eeb4') in 0.008644 seconds
Number of updated asset objects reloaded before import = 0
Number of asset objects unloaded after import = 3
========================================================================
Received Import Request.
  Time since last request: 0.000020 seconds.
  path: Assets/UI/UI_001_0000_Layer-3.png
  artifactKey: Guid(dd4c28d5910bf89478eca3e9817363e9) Importer(815301076,1909f56bfc062723c751e8b465ee728b)
Start importing Assets/UI/UI_001_0000_Layer-3.png using Guid(dd4c28d5910bf89478eca3e9817363e9) Importer(815301076,1909f56bfc062723c751e8b465ee728b) [PhysX] Initialized MultithreadedTaskDispatcher with 12 workers.
[PhysX] Initialized MultithreadedTaskDispatcher with 12 workers.
 -> (artifact id: '05445b2684e39b3b847d0295be5e213e') in 0.012598 seconds
Number of updated asset objects reloaded before import = 0
Number of asset objects unloaded after import = 3
========================================================================
Received Import Request.
  Time since last request: 0.000021 seconds.
  path: Assets/UI/UI_001_0021_Layer-7-Copy-5.png
  artifactKey: Guid(879b1e279474b7841a8ba3d81bec2241) Importer(815301076,1909f56bfc062723c751e8b465ee728b)
Start importing Assets/UI/UI_001_0021_Layer-7-Copy-5.png using Guid(879b1e279474b7841a8ba3d81bec2241) Importer(815301076,1909f56bfc062723c751e8b465ee728b) [PhysX] Initialized MultithreadedTaskDispatcher with 12 workers.
[PhysX] Initialized MultithreadedTaskDispatcher with 12 workers.
 -> (artifact id: '5655eb312094ba6a4b79b9960b9bd152') in 0.008062 seconds
Number of updated asset objects reloaded before import = 0
Number of asset objects unloaded after import = 3
========================================================================
Received Import Request.
  Time since last request: 0.000018 seconds.
  path: Assets/UI/UI_001_0018_Layer-7-Copy-3.png
  artifactKey: Guid(e53a680115d18524788c1f3a4f4f883d) Importer(815301076,1909f56bfc062723c751e8b465ee728b)
Start importing Assets/UI/UI_001_0018_Layer-7-Copy-3.png using Guid(e53a680115d18524788c1f3a4f4f883d) Importer(815301076,1909f56bfc062723c751e8b465ee728b) [PhysX] Initialized MultithreadedTaskDispatcher with 12 workers.
[PhysX] Initialized MultithreadedTaskDispatcher with 12 workers.
 -> (artifact id: '9042a0c55d6d10c80dc5b61ea8ffcba9') in 0.008103 seconds
Number of updated asset objects reloaded before import = 0
Number of asset objects unloaded after import = 3
========================================================================
Received Import Request.
  Time since last request: 0.000021 seconds.
  path: Assets/UI/UI_001_0019_Layer-7-Copy.png
  artifactKey: Guid(9ddbf9f8d1860894fb21c69ec19492f8) Importer(815301076,1909f56bfc062723c751e8b465ee728b)
Start importing Assets/UI/UI_001_0019_Layer-7-Copy.png using Guid(9ddbf9f8d1860894fb21c69ec19492f8) Importer(815301076,1909f56bfc062723c751e8b465ee728b) [PhysX] Initialized MultithreadedTaskDispatcher with 12 workers.
[PhysX] Initialized MultithreadedTaskDispatcher with 12 workers.
 -> (artifact id: '4bb62e08784b7622605207c6ab02688f') in 0.007339 seconds
Number of updated asset objects reloaded before import = 0
Number of asset objects unloaded after import = 3
Editor requested this worker to shutdown with reason: Scaling down because of idle timeout
TcpMessagingSession - receive error: operation aborted. errorcode: 995, details: The I/O operation has been aborted because of either a thread exit or an application request.
AssetImportWorker is now disconnected from the server
Process exiting
Exiting without the bug reporter. Application will terminate with return code 0